<?xml version="1.0" encoding="utf-8"?><testsuites name="pytest tests"><testsuite name="pytest" errors="0" failures="0" skipped="0" tests="12" time="3.343" timestamp="2026-09-04T08:41:46.942042+00:00" hostname="agent-env-0629e734-9471-4688-87db-1d689c94814d"><testcase classname="tests.test_iteration10_gallery.TestGalleryUpload" name="test_upload_no_token" time="0.441" /><testcase classname="tests.test_iteration10_gallery.TestGalleryUpload" name="test_upload_jpeg" time="0.366" /><testcase classname="tests.test_iteration10_gallery.TestGalleryUpload" name="test_upload_png" time="0.336" /><testcase classname="tests.test_iteration10_gallery.TestGalleryUpload" name="test_upload_text_rejected" time="0.127" /><testcase classname="tests.test_iteration10_gallery.TestGalleryPublic" name="test_list_public" time="0.110" /><testcase classname="tests.test_iteration10_gallery.TestGalleryPublic" name="test_file_serve" time="0.319" /><testcase classname="tests.test_iteration10_gallery.TestGalleryPublic" name="test_file_unknown" time="0.097" /><testcase classname="tests.test_iteration10_gallery.TestGalleryPatch" name="test_patch_caption" time="0.079" /><testcase classname="tests.test_iteration10_gallery.TestGalleryPatch" name="test_patch_empty" time="0.077" /><testcase classname="tests.test_iteration10_gallery.TestGalleryPatch" name="test_patch_unknown" time="0.073" /><testcase classname="tests.test_iteration10_gallery.TestGalleryReorder" name="test_reorder" time="0.466" /><testcase classname="tests.test_iteration10_gallery.TestGalleryDelete" name="test_delete_and_verify" time="0.794" /></testsuite></testsuites>