<?xml version="1.0" encoding="utf-8"?><testsuites name="pytest tests"><testsuite name="pytest" errors="0" failures="0" skipped="0" tests="10" time="6.681" timestamp="2026-09-04T17:10:20.780357+00:00" hostname="agent-env-0629e734-9471-4688-87db-1d689c94814d"><testcase classname="tests.test_iteration16_stripe" name="test_booking_checkout_happy_path" time="1.679" /><testcase classname="tests.test_iteration16_stripe" name="test_status_pending" time="0.318" /><testcase classname="tests.test_iteration16_stripe" name="test_status_unknown_session_404" time="0.039" /><testcase classname="tests.test_iteration16_stripe" name="test_invalid_kind" time="0.077" /><testcase classname="tests.test_iteration16_stripe" name="test_amount_zero_booking" time="1.606" /><testcase classname="tests.test_iteration16_stripe" name="test_already_confirmed_booking" time="0.591" /><testcase classname="tests.test_iteration16_stripe" name="test_voucher_checkout_happy_path" time="1.286" /><testcase classname="tests.test_iteration16_stripe" name="test_voucher_already_paid_400" time="0.075" /><testcase classname="tests.test_iteration16_stripe" name="test_webhook_bad_signature" time="0.082" /><testcase classname="tests.test_iteration16_stripe" name="test_zzz_cleanup" time="0.410" /></testsuite></testsuites>