<?xml version="1.0" encoding="utf-8"?><testsuites name="pytest tests"><testsuite name="pytest" errors="0" failures="1" skipped="0" tests="12" time="5.363" timestamp="2026-09-04T06:46:03.608968+00:00" hostname="agent-env-0629e734-9471-4688-87db-1d689c94814d"><testcase classname="tests.test_iteration3.TestChangePassword" name="test_no_auth" time="0.275" /><testcase classname="tests.test_iteration3.TestWeather" name="test_no_auth" time="0.357" /><testcase classname="tests.test_iteration3.TestChangePassword" name="test_wrong_current" time="0.856" /><testcase classname="tests.test_iteration3.TestWeather" name="test_invalid_day" time="0.778" /><testcase classname="tests.test_iteration3.TestChangePassword" name="test_new_too_short_422" time="0.079" /><testcase classname="tests.test_iteration3.TestWeather" name="test_weather_today_shape_and_cache" time="0.291" /><testcase classname="tests.test_iteration3.TestChangePassword" name="test_change_and_login_and_restore" time="3.115"><failure message="AssertionError: restore failed: Traceback (most recent call last):&#10;    File &quot;&lt;string&gt;&quot;, line 1, in &lt;module&gt;&#10;    File &quot;/usr/local/lib/python3.11/asyncio/runners.py&quot;, line 190, in run&#10;      return runner.run(main)&#10;             ^^^^^^^^^^^^^^^^&#10;    File &quot;/usr/local/lib/python3.11/asyncio/runners.py&quot;, line 89, in run&#10;      raise ValueError(&quot;a coroutine was expected, got {!r}&quot;.format(coro))&#10;  ValueError: a coroutine was expected, got &lt;Future pending cb=[_chain_future.&lt;locals&gt;._call_check_cancel() at /usr/local/lib/python3.11/asyncio/futures.py:387]&gt;&#10;  &#10;assert 1 == 0&#10; +  where 1 = CompletedProcess(args=['python3', '-c', &quot;import os,asyncio;from dotenv import load_dotenv;load_dotenv('.env');from motor.motor_asyncio import AsyncIOMotorClient;from auth import hash_password;db=AsyncIOMotorClient(os.environ['MONGO_URL'])[os.environ['DB_NAME']];asyncio.run(db.users.update_one({'email':'admin'},{'$set':{'password_hash':hash_password('admin')}}))&quot;], returncode=1, stdout='', stderr='Traceback (most recent call last):\n  File &quot;&lt;string&gt;&quot;, line 1, in &lt;module&gt;\n  File &quot;/usr/local/lib/python3.11/asyncio/runners.py&quot;, line 190, in run\n    return runner.run(main)\n           ^^^^^^^^^^^^^^^^\n  File &quot;/usr/local/lib/python3.11/asyncio/runners.py&quot;, line 89, in run\n    raise ValueError(&quot;a coroutine was expected, got {!r}&quot;.format(coro))\nValueError: a coroutine was expected, got &lt;Future pending cb=[_chain_future.&lt;locals&gt;._call_check_cancel() at /usr/local/lib/python3.11/asyncio/futures.py:387]&gt;\n').returncode">backend/tests/test_iteration3.py:101: in test_change_and_login_and_restore
    _restore_admin_password()
backend/tests/test_iteration3.py:44: in _restore_admin_password
    assert r.returncode == 0, f"restore failed: {r.stderr}"
E   AssertionError: restore failed: Traceback (most recent call last):
E       File "&lt;string&gt;", line 1, in &lt;module&gt;
E       File "/usr/local/lib/python3.11/asyncio/runners.py", line 190, in run
E         return runner.run(main)
E                ^^^^^^^^^^^^^^^^
E       File "/usr/local/lib/python3.11/asyncio/runners.py", line 89, in run
E         raise ValueError("a coroutine was expected, got {!r}".format(coro))
E     ValueError: a coroutine was expected, got &lt;Future pending cb=[_chain_future.&lt;locals&gt;._call_check_cancel() at /usr/local/lib/python3.11/asyncio/futures.py:387]&gt;
E     
E   assert 1 == 0
E    +  where 1 = CompletedProcess(args=['python3', '-c', "import os,asyncio;from dotenv import load_dotenv;load_dotenv('.env');from motor.motor_asyncio import AsyncIOMotorClient;from auth import hash_password;db=AsyncIOMotorClient(os.environ['MONGO_URL'])[os.environ['DB_NAME']];asyncio.run(db.users.update_one({'email':'admin'},{'$set':{'password_hash':hash_password('admin')}}))"], returncode=1, stdout='', stderr='Traceback (most recent call last):\n  File "&lt;string&gt;", line 1, in &lt;module&gt;\n  File "/usr/local/lib/python3.11/asyncio/runners.py", line 190, in run\n    return runner.run(main)\n           ^^^^^^^^^^^^^^^^\n  File "/usr/local/lib/python3.11/asyncio/runners.py", line 89, in run\n    raise ValueError("a coroutine was expected, got {!r}".format(coro))\nValueError: a coroutine was expected, got &lt;Future pending cb=[_chain_future.&lt;locals&gt;._call_check_cancel() at /usr/local/lib/python3.11/asyncio/futures.py:387]&gt;\n').returncode</failure></testcase><testcase classname="tests.test_iteration3.TestWeather" name="test_weather_past_date_acceptable" time="0.185" /><testcase classname="tests.test_iteration3.TestWeekPlanning" name="test_no_auth" time="0.076" /><testcase classname="tests.test_iteration3.TestWeekPlanning" name="test_week_normalizes_to_monday" time="0.086" /><testcase classname="tests.test_iteration3.TestWeekPlanning" name="test_week_capacity_matches_settings" time="0.181" /><testcase classname="tests.test_iteration3.TestWeekPlanning" name="test_week_default_no_start" time="0.096" /></testsuite></testsuites>