<?xml version="1.0" encoding="utf-8"?><testsuites name="pytest tests"><testsuite name="pytest" errors="0" failures="0" skipped="0" tests="6" time="1.855" timestamp="2026-09-04T16:35:55.101727+00:00" hostname="agent-env-0629e734-9471-4688-87db-1d689c94814d"><testcase classname="tests.test_iteration13_revenue_series" name="test_no_token_401" time="0.270" /><testcase classname="tests.test_iteration13_revenue_series" name="test_default_30" time="0.637" /><testcase classname="tests.test_iteration13_revenue_series" name="test_days_90" time="0.095" /><testcase classname="tests.test_iteration13_revenue_series" name="test_days_5_422" time="0.084" /><testcase classname="tests.test_iteration13_revenue_series" name="test_days_400_422" time="0.087" /><testcase classname="tests.test_iteration13_revenue_series" name="test_cross_check_with_stats" time="0.173" /></testsuite></testsuites>