<?xml version="1.0" encoding="utf-8"?><testsuites name="pytest tests"><testsuite name="pytest" errors="0" failures="0" skipped="0" tests="13" time="4.601" timestamp="2026-09-04T09:06:14.983698+00:00" hostname="agent-env-0629e734-9471-4688-87db-1d689c94814d"><testcase classname="tests.test_iteration11_stats.TestStatsConsistency" name="test_sessions_total_matches_confirmed_completed" time="0.604" /><testcase classname="tests.test_iteration11_stats.TestStatsConsistency" name="test_revenue_total_matches_bookings_plus_vouchers" time="0.300" /><testcase classname="tests.test_iteration11_stats.TestStatsConsistency" name="test_revenue_by_status_plus_gift_equals_total" time="0.099" /><testcase classname="tests.test_iteration11_stats.TestStatsConsistency" name="test_sessions_by_status_sums_to_total" time="0.105" /><testcase classname="tests.test_iteration11_stats.TestStatsConsistency" name="test_status_counts_matches_bookings" time="0.170" /><testcase classname="tests.test_iteration11_stats.TestStatsConsistency" name="test_revenue_month_uses_session_date" time="0.313" /><testcase classname="tests.test_iteration11_stats.TestVoucherNoDoubleCount" name="test_thomas_petit_or_redeemed_booking_amount_zero" time="0.097" /><testcase classname="tests.test_iteration11_stats.TestStatusTransitions" name="test_01_created_pending_no_revenue_change" time="1.141" /><testcase classname="tests.test_iteration11_stats.TestStatusTransitions" name="test_02_patch_confirmed_adds_290" time="0.672" /><testcase classname="tests.test_iteration11_stats.TestStatusTransitions" name="test_03_patch_completed_moves_290" time="0.190" /><testcase classname="tests.test_iteration11_stats.TestStatusTransitions" name="test_04_patch_cancelled_removes_290" time="0.161" /><testcase classname="tests.test_iteration11_stats.TestStatusTransitions" name="test_05_patch_back_to_confirmed" time="0.486" /><testcase classname="tests.test_iteration11_stats.TestStatusTransitions" name="test_06_final_cancel" time="0.189" /></testsuite></testsuites>