<?xml version="1.0" encoding="utf-8"?><testsuites name="pytest tests"><testsuite name="pytest" errors="0" failures="0" skipped="0" tests="9" time="2.971" timestamp="2026-09-04T08:29:01.459306+00:00" hostname="agent-env-0629e734-9471-4688-87db-1d689c94814d"><testcase classname="tests.test_iteration9" name="test_create_returns_download_token" time="0.568" /><testcase classname="tests.test_iteration9" name="test_pdf_pending_returns_403" time="0.241" /><testcase classname="tests.test_iteration9" name="test_pdf_wrong_token_returns_404" time="0.093" /><testcase classname="tests.test_iteration9" name="test_pdf_short_token_returns_422" time="0.095" /><testcase classname="tests.test_iteration9" name="test_paid_pdf_download" time="0.852" /><testcase classname="tests.test_iteration9" name="test_admin_pdf_pending_ok" time="0.361" /><testcase classname="tests.test_iteration9" name="test_admin_pdf_unauth" time="0.083" /><testcase classname="tests.test_iteration9" name="test_admin_pdf_unknown_id" time="0.088" /><testcase classname="tests.test_iteration9" name="test_build_voucher_email_contains_pdf_link" time="0.050" /></testsuite></testsuites>