<?xml version="1.0" encoding="utf-8"?><testsuites name="pytest tests"><testsuite name="pytest" errors="0" failures="1" skipped="0" tests="23" time="6.446" timestamp="2026-09-04T08:12:17.431222+00:00" hostname="agent-env-0629e734-9471-4688-87db-1d689c94814d"><testcase classname="tests.test_iteration6.TestAdminVouchers" name="test_no_token_401" time="0.802" /><testcase classname="tests.test_iteration6.TestBookingRedemption" name="test_booking_with_paid_voucher" time="2.183" /><testcase classname="tests.test_iteration6.TestAdminVouchers" name="test_unknown_404" time="0.378" /><testcase classname="tests.test_iteration6.TestAdminVouchers" name="test_invalid_status_400" time="0.379" /><testcase classname="tests.test_iteration6.TestAdminVouchers" name="test_activate_flow" time="0.714" /><testcase classname="tests.test_iteration6.TestBookingRedemption" name="test_booking_unknown_code" time="0.098" /><testcase classname="tests.test_iteration6.TestAdminVouchers" name="test_resend_pending_400" time="0.369" /><testcase classname="tests.test_iteration6.TestBookingRedemption" name="test_booking_pending_code" time="0.442" /><testcase classname="tests.test_iteration6.TestAdminVouchers" name="test_cancel_then_check" time="0.412" /><testcase classname="tests.test_iteration6.TestBookingRedemption" name="test_booking_without_voucher_regression" time="0.627" /><testcase classname="tests.test_iteration6.TestAdminVouchers" name="test_list" time="0.070" /><testcase classname="tests.test_iteration6.TestVoucherCreate" name="test_create_discovery" time="0.277" /><testcase classname="tests.test_iteration6.TestBookingRedemption" name="test_release_redeemed" time="1.923" /><testcase classname="tests.test_iteration6.TestVoucherCreate" name="test_create_duo_forces_2" time="0.345" /><testcase classname="tests.test_iteration6.TestVoucherCreate" name="test_invalid_email" time="0.075" /><testcase classname="tests.test_iteration6.TestVoucherCreate" name="test_corporate_falls_back" time="0.260" /><testcase classname="tests.test_iteration6.TestVoucherCheck" name="test_unknown" time="0.100"><failure message="AssertionError: assert {'valid': Fal...: 'not_found'} == {'valid': Fal...e': None, ...}&#10;  &#10;  Omitting 2 identical items, use -vv to show&#10;  Right contains 4 more items:&#10;  {'experience': None,&#10;   'participants': None,&#10;   'recipient_name': None,&#10;   'value': None}...&#10;  &#10;  ...Full output truncated (10 lines hidden), use '-vv' to show">tests/test_iteration6.py:72: in test_unknown
    assert r.json() == {"valid": False, "reason": "not_found", "value": None,
E   AssertionError: assert {'valid': Fal...: 'not_found'} == {'valid': Fal...e': None, ...}
E     
E     Omitting 2 identical items, use -vv to show
E     Right contains 4 more items:
E     {'experience': None,
E      'participants': None,
E      'recipient_name': None,
E      'value': None}...
E     
E     ...Full output truncated (10 lines hidden), use '-vv' to show</failure></testcase><testcase classname="tests.test_iteration6.TestVoucherCheck" name="test_pending_unpaid" time="0.353" /><testcase classname="tests.test_iteration6.TestStatsAndCsv" name="test_stats_shape" time="0.075" /><testcase classname="tests.test_iteration6.TestStatsAndCsv" name="test_csv_headers" time="0.073" /><testcase classname="tests.test_iteration6.TestReviewReplies" name="test_admin_reviews_serialises" time="0.128" /><testcase classname="tests.test_iteration6.TestReviewReplies" name="test_set_reply" time="0.256" /><testcase classname="tests.test_iteration6.TestReviewReplies" name="test_clear_reply_then_restore" time="0.234" /></testsuite></testsuites>