<?xml version="1.0" encoding="utf-8"?><testsuites name="pytest tests"><testsuite name="pytest" errors="0" failures="0" skipped="0" tests="17" time="3.627" timestamp="2026-09-04T07:52:39.907628+00:00" hostname="agent-env-0629e734-9471-4688-87db-1d689c94814d"><testcase classname="tests.test_iteration5.TestReviewListing" name="test_public_only_approved_sorted" time="0.264" /><testcase classname="tests.test_iteration5.TestReviewListing" name="test_admin_reviews_no_token_401" time="0.330" /><testcase classname="tests.test_iteration5.TestWeeklyReport" name="test_preview_shape" time="0.899" /><testcase classname="tests.test_iteration5.TestReviewListing" name="test_patch_empty_body_400" time="0.398" /><testcase classname="tests.test_iteration5.TestWeeklyReport" name="test_no_token_401" time="0.072" /><testcase classname="tests.test_iteration5.TestWeeklyReport" name="test_send_delivered_ok" time="0.401" /><testcase classname="tests.test_iteration5.TestReviewListing" name="test_patch_unknown_404" time="0.087" /><testcase classname="tests.test_iteration5.TestReviewListing" name="test_delete_unknown_404" time="0.117" /><testcase classname="tests.test_iteration5.TestReviewListing" name="test_patch_toggle_hides_from_public" time="0.393" /><testcase classname="tests.test_iteration5.TestWeeklyReport" name="test_send_default_owner_undeliverable_502" time="0.382" /><testcase classname="tests.test_iteration5.TestReviewRequest" name="test_unknown_booking_404" time="0.076" /><testcase classname="tests.test_iteration5.TestReviewRequest" name="test_pending_400" time="0.090" /><testcase classname="tests.test_iteration5.TestWeeklyReport" name="test_send_invalid_to_422" time="0.126" /><testcase classname="tests.test_iteration5.TestReviewRequest" name="test_confirmed_delivered_ok" time="0.389" /><testcase classname="tests.test_iteration5.TestPublicReview" name="test_bad_token" time="0.087" /><testcase classname="tests.test_iteration5.TestPublicReview" name="test_full_flow" time="0.994" /><testcase classname="tests.test_iteration5.TestReviewsRun" name="test_run_idempotent_yesterday" time="0.517" /></testsuite></testsuites>