<?xml version="1.0" encoding="utf-8"?><testsuites name="pytest tests"><testsuite name="pytest" errors="0" failures="0" skipped="0" tests="7" time="3.584" timestamp="2026-09-04T16:59:00.040649+00:00" hostname="agent-env-0629e734-9471-4688-87db-1d689c94814d"><testcase classname="tests.test_iteration15_minor" name="test_minor_true_without_consent_returns_400" time="0.283" /><testcase classname="tests.test_iteration15_minor" name="test_minor_true_with_consent_returns_200" time="0.894" /><testcase classname="tests.test_iteration15_minor" name="test_minor_false_default_returns_200" time="0.585" /><testcase classname="tests.test_iteration15_minor" name="test_patch_parental_auth_received_true" time="0.592" /><testcase classname="tests.test_iteration15_minor" name="test_patch_parental_auth_received_false" time="0.107" /><testcase classname="tests.test_iteration15_minor" name="test_admin_list_bookings_contains_fields" time="0.304" /><testcase classname="tests.test_iteration15_minor" name="test_zzz_cleanup_cancel" time="0.327" /></testsuite></testsuites>