<?xml version="1.0" encoding="utf-8"?><testsuites name="pytest tests"><testsuite name="pytest" errors="0" failures="0" skipped="0" tests="25" time="6.558" timestamp="2026-09-02T20:48:30.546411+00:00" hostname="agent-env-0629e734-9471-4688-87db-1d689c94814d"><testcase classname="tests.backend_test.TestAuth" name="test_login_admin_admin" time="0.346" /><testcase classname="tests.backend_test.TestAuth" name="test_login_old_email_fails" time="0.077" /><testcase classname="tests.backend_test.TestAuth" name="test_login_wrong_password" time="0.081" /><testcase classname="tests.backend_test.TestSettings" name="test_settings_get_default" time="0.370" /><testcase classname="tests.backend_test.TestSettings" name="test_settings_no_auth" time="0.092" /><testcase classname="tests.backend_test.TestSettings" name="test_settings_put_max_ok" time="0.232" /><testcase classname="tests.backend_test.TestSettings" name="test_settings_put_over_max_boards" time="0.069" /><testcase classname="tests.backend_test.TestSettings" name="test_settings_put_over_max_slots" time="0.096" /><testcase classname="tests.backend_test.TestSettings" name="test_settings_restore" time="0.093" /><testcase classname="tests.backend_test.TestAdminBookings" name="test_no_auth" time="0.074" /><testcase classname="tests.backend_test.TestAdminBookings" name="test_list_all" time="0.075" /><testcase classname="tests.backend_test.TestAdminBookings" name="test_filter_status" time="0.077" /><testcase classname="tests.backend_test.TestAdminBookings" name="test_filter_q_by_name" time="0.138" /><testcase classname="tests.backend_test.TestAdminBookings" name="test_filter_date_range" time="0.109" /><testcase classname="tests.backend_test.TestCSVExport" name="test_no_auth" time="0.088" /><testcase classname="tests.backend_test.TestCSVExport" name="test_export_headers_and_bom" time="0.077" /><testcase classname="tests.backend_test.TestCSVExport" name="test_export_status_filter" time="0.088" /><testcase classname="tests.backend_test.TestCSVExport" name="test_export_commission_only_partner_confirmed" time="0.090" /><testcase classname="tests.backend_test.TestPlanning" name="test_planning_shape" time="0.075" /><testcase classname="tests.backend_test.TestPlanning" name="test_planning_invalid_day" time="0.081" /><testcase classname="tests.backend_test.TestPlanning" name="test_planning_no_auth" time="0.091" /><testcase classname="tests.backend_test.TestPatchBooking" name="test_patch_no_auth" time="0.087" /><testcase classname="tests.backend_test.TestPatchBooking" name="test_patch_slot_invalid_high" time="0.212" /><testcase classname="tests.backend_test.TestPatchBooking" name="test_patch_slot_assign_then_unassign" time="0.334" /><testcase classname="tests.backend_test.TestPatchBooking" name="test_patch_status_confirmed_sends_email" time="3.348" /></testsuite></testsuites>