<?xml version="1.0" encoding="utf-8"?><testsuites name="pytest tests"><testsuite name="pytest" errors="0" failures="1" skipped="0" tests="56" time="11.271" timestamp="2026-09-04T07:06:48.869139+00:00" hostname="agent-env-0629e734-9471-4688-87db-1d689c94814d"><testcase classname="tests.test_iteration4.TestMeetingPoint" name="test_get_meeting_point" time="0.745" /><testcase classname="tests.backend_test.TestSettings" name="test_settings_get_default" time="0.723" /><testcase classname="tests.backend_test.TestSettings" name="test_settings_no_auth" time="0.086" /><testcase classname="tests.test_iteration4.TestMeetingPoint" name="test_put_meeting_point_override_autofill_address" time="0.230" /><testcase classname="tests.backend_test.TestSettings" name="test_settings_put_max_ok" time="0.283" /><testcase classname="tests.test_iteration4.TestMeetingPoint" name="test_put_meeting_point_custom_address_kept" time="0.197" /><testcase classname="tests.backend_test.TestSettings" name="test_settings_put_over_max_boards" time="0.143" /><testcase classname="tests.test_iteration4.TestMeetingPoint" name="test_put_meeting_point_reset" time="0.087" /><testcase classname="tests.backend_test.TestSettings" name="test_settings_put_over_max_slots" time="0.085" /><testcase classname="tests.test_iteration4.TestMeetingPoint" name="test_meeting_point_invalid_date" time="0.157" /><testcase classname="tests.backend_test.TestSettings" name="test_settings_restore" time="0.094" /><testcase classname="tests.test_iteration4.TestMeetingPoint" name="test_meeting_point_no_token" time="0.273" /><testcase classname="tests.backend_test.TestAdminBookings" name="test_no_auth" time="0.072" /><testcase classname="tests.backend_test.TestAdminBookings" name="test_list_all" time="0.067" /><testcase classname="tests.backend_test.TestAdminBookings" name="test_filter_status" time="0.077" /><testcase classname="tests.backend_test.TestAdminBookings" name="test_filter_q_by_name" time="0.168" /><testcase classname="tests.test_iteration4.TestMeetingPoint" name="test_cleanup" time="0.439" /><testcase classname="tests.backend_test.TestAdminBookings" name="test_filter_date_range" time="0.079" /><testcase classname="tests.backend_test.TestPatchBooking" name="test_patch_no_auth" time="0.135" /><testcase classname="tests.backend_test.TestPatchBooking" name="test_patch_slot_invalid_high" time="0.252" /><testcase classname="tests.backend_test.TestCSVExport" name="test_no_auth" time="0.092" /><testcase classname="tests.backend_test.TestPatchBooking" name="test_patch_slot_assign_then_unassign" time="0.553" /><testcase classname="tests.backend_test.TestCSVExport" name="test_export_headers_and_bom" time="0.406" /><testcase classname="tests.backend_test.TestCSVExport" name="test_export_status_filter" time="0.135" /><testcase classname="tests.backend_test.TestCSVExport" name="test_export_commission_only_partner_confirmed" time="0.147" /><testcase classname="tests.backend_test.TestPatchBooking" name="test_patch_status_confirmed_sends_email" time="3.226" /><testcase classname="tests.test_iteration3.TestWeather" name="test_no_auth" time="0.103" /><testcase classname="tests.test_iteration3.TestWeather" name="test_invalid_day" time="0.373" /><testcase classname="tests.test_iteration3.TestWeather" name="test_weather_today_shape_and_cache" time="0.259" /><testcase classname="tests.test_iteration3.TestWeather" name="test_weather_past_date_acceptable" time="0.072"><failure message="AssertionError: unexpected 400 {&quot;detail&quot;:&quot;Historique météo limité aux 60 derniers jours&quot;}&#10;assert 400 in (200, 502, 504)&#10; +  where 400 = &lt;Response [400]&gt;.status_code">backend/tests/test_iteration3.py:146: in test_weather_past_date_acceptable
    assert r.status_code in (200, 502, 504), f"unexpected {r.status_code} {r.text[:200]}"
E   AssertionError: unexpected 400 {"detail":"Historique météo limité aux 60 derniers jours"}
E   assert 400 in (200, 502, 504)
E    +  where 400 = &lt;Response [400]&gt;.status_code</failure></testcase><testcase classname="tests.test_iteration3.TestWeekPlanning" name="test_no_auth" time="0.077" /><testcase classname="tests.test_iteration3.TestWeekPlanning" name="test_week_normalizes_to_monday" time="0.081" /><testcase classname="tests.test_iteration3.TestWeekPlanning" name="test_week_capacity_matches_settings" time="0.150" /><testcase classname="tests.test_iteration3.TestWeekPlanning" name="test_week_default_no_start" time="0.074" /><testcase classname="tests.test_iteration4.TestSettingsSlotTimes" name="test_get_settings_has_slot_times" time="0.113" /><testcase classname="tests.test_iteration4.TestSettingsSlotTimes" name="test_put_settings_invalid_entries_dropped_and_padded" time="0.069" /><testcase classname="tests.test_iteration4.TestSettingsSlotTimes" name="test_put_settings_no_slot_times_defaults" time="0.082" /><testcase classname="tests.test_iteration4.TestSettingsSlotTimes" name="test_restore_defaults" time="0.074" /><testcase classname="tests.test_iteration4.TestReminders" name="test_reminder_unknown_id_404" time="0.079" /><testcase classname="tests.test_iteration4.TestReminders" name="test_reminder_pending_400" time="0.166" /><testcase classname="tests.test_iteration4.TestReminders" name="test_reminder_confirmed_delivered" time="0.476" /><testcase classname="tests.test_iteration4.TestReminders" name="test_reminder_confirmed_undeliverable_502" time="0.344" /><testcase classname="tests.backend_test.TestAuth" name="test_login_admin_admin" time="0.301" /><testcase classname="tests.backend_test.TestAuth" name="test_login_old_email_fails" time="0.079" /><testcase classname="tests.backend_test.TestAuth" name="test_login_wrong_password" time="0.096" /><testcase classname="tests.backend_test.TestPlanning" name="test_planning_shape" time="0.113" /><testcase classname="tests.test_iteration3.TestChangePassword" name="test_no_auth" time="0.131" /><testcase classname="tests.backend_test.TestPlanning" name="test_planning_invalid_day" time="0.112" /><testcase classname="tests.backend_test.TestPlanning" name="test_planning_no_auth" time="0.263" /><testcase classname="tests.test_iteration4.TestRemindersRun" name="test_run_reminders_idempotent" time="1.286" /><testcase classname="tests.test_iteration3.TestChangePassword" name="test_wrong_current" time="0.672" /><testcase classname="tests.test_iteration3.TestChangePassword" name="test_new_too_short_422" time="0.083" /><testcase classname="tests.test_iteration3.TestChangePassword" name="test_change_and_login_and_restore" time="2.752" /><testcase classname="tests.test_iteration4.TestRemindersRun" name="test_run_does_not_send_pending_or_cancelled" time="0.340" /><testcase classname="tests.test_iteration4.TestPlanningSlotTimes" name="test_planning_has_slot_times" time="0.080" /><testcase classname="tests.test_iteration4.TestConfirmEmailSlotInclusion" name="test_patch_confirmed_returns_confirmation_flag" time="0.800" /></testsuite></testsuites>